[Conan.VisualStudio] Calling process 'C:\Program Files\Conan\conan\conan.exe' with arguments '--version'
Conan version 1.46.2
[Conan.VisualStudio] Calling process 'C:\Program Files\Conan\conan\conan.exe' with arguments 'install C:\Users\sypei\source\repos\evaluation_GPU_dense\evaluation_GPU_dense\conanfile.txt -g visual_studio --install-folder C:\Users\sypei\source\repos\evaluation_GPU_dense\x64\Release\.conan -s arch=x86_64 -s build_type=Release -s compiler.toolset=v142 -s compiler.version=16 -s compiler.runtime=MD  --build=missing --update'
Configuration:
[settings]
arch=x86_64
arch_build=x86_64
build_type=Release
compiler=Visual Studio
compiler.runtime=MD
compiler.toolset=v142
compiler.version=16
os=Windows
os_build=Windows
[options]
[build_requires]
[env]

conanfile.txt: Installing package
Requirements
Packages

Installing (downloading, building) binaries...
conanfile.txt: Generator visual_studio created conanbuildinfo.props
conanfile.txt: Generator txt created conanbuildinfo.txt
conanfile.txt: Aggregating env generators
conanfile.txt: Generated conaninfo.txt
conanfile.txt: Generated graphinfo
[Conan.VisualStudio] Conan has succsessfully installed configuration 'Architecture: x86_64, build type: Release, compiler toolset: v142, compiler version: 16;, runtime library: MD'
